2024-12-21 | 15:59 - [32minfo[39m - [32mApplication running on 3000 port[39m
2024-12-21 | 15:59 - [32minfo[39m - [32mApplication running on 3000 port[39m
2024-12-21 | 16:00 - [32minfo[39m - [32mApplication running on 3000 port[39m
2024-12-21 | 16:00 - [32minfo[39m - [32mApplication running on 3000 port[39m
2024-12-21 | 16:00 - [32minfo[39m - [32mApplication running on 3000 port[39m
2024-12-21 | 16:00 - [32minfo[39m - [32mApplication running on 3000 port[39m
2024-12-21 | 16:31 - [32minfo[39m - [32mApplication running on 3000 port[39m
2024-12-21 | 16:31 - [32minfo[39m - [32mApplication running on 3000 port[39m
2024-12-21 | 16:32 - [32minfo[39m - [32mApplication running on 3000 port[39m
2024-12-21 | 16:34 - [32minfo[39m - [32mApplication running on 3000 port[39m
2024-12-21 | 16:37 - [32minfo[39m - [32mApplication running on 3000 port[39m
2024-12-21 | 16:37 - [32minfo[39m - [32mApplication running on 3000 port[39m
2024-12-29 | 11:18 - [32minfo[39m - [32mApplication running on 3000 port[39m
2024-12-29 | 11:19 - [31merror[39m - [31mError: Operation `users.find()` buffering timed out after 10000ms[39m
2024-12-29 | 11:20 - [31merror[39m - [31mError: Operation `users.find()` buffering timed out after 10000ms[39m
2024-12-29 | 11:21 - [32minfo[39m - [32mApplication running on 3000 port[39m
2024-12-29 | 11:21 - [31merror[39m - [31mError: Operation `users.find()` buffering timed out after 10000ms[39m
2024-12-29 | 11:25 - [31merror[39m - [31mError: Operation `users.insertOne()` buffering timed out after 10000ms[39m
2024-12-29 | 11:35 - [32minfo[39m - [32mApplication running on 3000 port[39m
2024-12-29 | 11:36 - [32minfo[39m - [32mApplication running on 3000 port[39m
2024-12-29 | 11:37 - [32minfo[39m - [32mApplication running on 3000 port[39m
2024-12-29 | 11:39 - [32minfo[39m - [32mApplication running on 3000 port[39m
2024-12-29 | 11:39 - [32minfo[39m - [32mApplication running on 3000 port[39m
2024-12-29 | 11:39 - [32minfo[39m - [32mApplication running on 3000 port[39m
2024-12-29 | 11:39 - [32minfo[39m - [32mApplication running on 3000 port[39m
2024-12-29 | 11:40 - [32minfo[39m - [32mApplication running on 3000 port[39m
2024-12-29 | 11:40 - [32minfo[39m - [32mApplication running on 3000 port[39m
2024-12-29 | 11:41 - [32minfo[39m - [32mApplication running on 3000 port[39m
2024-12-29 | 11:41 - [32minfo[39m - [32mApplication running on 3000 port[39m
2024-12-29 | 11:41 - [32minfo[39m - [32mApplication running on 3000 port[39m
2024-12-29 | 11:41 - [32minfo[39m - [32mApplication running on 3000 port[39m
2024-12-29 | 11:42 - [32minfo[39m - [32mApplication running on 3000 port[39m
2024-12-29 | 11:42 - [32minfo[39m - [32mApplication running on 3000 port[39m
2024-12-29 | 11:42 - [32minfo[39m - [32mApplication running on 3000 port[39m
2024-12-29 | 11:42 - [32minfo[39m - [32mApplication running on 3000 port[39m
2024-12-29 | 11:43 - [32minfo[39m - [32mApplication running on 3000 port[39m
2024-12-29 | 11:43 - [32minfo[39m - [32mApplication running on 3000 port[39m
2024-12-29 | 11:43 - [32minfo[39m - [32mApplication running on 3000 port[39m
2024-12-29 | 11:43 - [32minfo[39m - [32mApplication running on 3000 port[39m
2024-12-29 | 11:43 - [32minfo[39m - [32mApplication running on 3000 port[39m
2024-12-29 | 11:43 - [32minfo[39m - [32mApplication running on 3000 port[39m
2024-12-29 | 11:44 - [32minfo[39m - [32mApplication running on 3000 port[39m
2024-12-29 | 11:44 - [32minfo[39m - [32mApplication running on 3000 port[39m
2024-12-29 | 11:44 - [32minfo[39m - [32mApplication running on 3000 port[39m
2024-12-29 | 11:44 - [32minfo[39m - [32mApplication running on 3000 port[39m
2024-12-29 | 11:44 - [32minfo[39m - [32mApplication running on 3000 port[39m
2024-12-29 | 11:44 - [32minfo[39m - [32mApplication running on 3000 port[39m
2024-12-29 | 11:44 - [32minfo[39m - [32mApplication running on 3000 port[39m
2024-12-29 | 11:44 - [32minfo[39m - [32mApplication running on 3000 port[39m
2024-12-29 | 11:45 - [32minfo[39m - [32mApplication running on 3000 port[39m
2024-12-29 | 11:45 - [32minfo[39m - [32mApplication running on 3000 port[39m
2024-12-29 | 11:45 - [32minfo[39m - [32mApplication running on 3000 port[39m
2024-12-29 | 11:46 - [32minfo[39m - [32mApplication running on 3000 port[39m
2024-12-29 | 11:46 - [32minfo[39m - [32mApplication running on 3000 port[39m
2024-12-29 | 11:46 - [32minfo[39m - [32mApplication running on 3000 port[39m
2024-12-29 | 11:46 - [32minfo[39m - [32mApplication running on 3000 port[39m
2024-12-29 | 11:47 - [32minfo[39m - [32mApplication running on 3000 port[39m
2024-12-29 | 11:50 - [32minfo[39m - [32mApplication running on 3000 port[39m
2024-12-29 | 11:51 - [32minfo[39m - [32mApplication running on 3000 port[39m
2024-12-29 | 11:51 - [32minfo[39m - [32mApplication running on 3000 port[39m
2024-12-29 | 11:51 - [32minfo[39m - [32mApplication running on 3000 port[39m
2024-12-29 | 11:51 - [32minfo[39m - [32mApplication running on 3000 port[39m
2024-12-29 | 11:52 - [32minfo[39m - [32mApplication running on 3000 port[39m
2024-12-29 | 11:52 - [32minfo[39m - [32mApplication running on 3000 port[39m
2024-12-29 | 11:52 - [32minfo[39m - [32mApplication running on 3000 port[39m
2024-12-29 | 11:52 - [32minfo[39m - [32mApplication running on 3000 port[39m
2024-12-29 | 11:53 - [32minfo[39m - [32mApplication running on 3000 port[39m
2024-12-29 | 11:54 - [32minfo[39m - [32mApplication running on 3000 port[39m
2024-12-29 | 11:56 - [32minfo[39m - [32mApplication running on 3000 port[39m
2024-12-29 | 11:56 - [32minfo[39m - [32mApplication running on 3000 port[39m
2024-12-29 | 11:57 - [32minfo[39m - [32mApplication running on 3000 port[39m
2024-12-29 | 11:58 - [32minfo[39m - [32mApplication running on 3000 port[39m
2024-12-29 | 11:58 - [32minfo[39m - [32mApplication running on 3000 port[39m
2024-12-30 | 10:13 - [32minfo[39m - [32mApplication running on 3000 port[39m
2025-01-01 | 11:10 - [32minfo[39m - [32mApplication running on 3000 port[39m
2025-01-01 | 12:08 - [32minfo[39m - [32mApplication running on 3000 port[39m
2025-01-01 | 12:08 - [32minfo[39m - [32mApplication running on 3000 port[39m
2025-01-01 | 12:08 - [32minfo[39m - [32mApplication running on 3000 port[39m
2025-01-01 | 12:09 - [32minfo[39m - [32mApplication running on 3000 port[39m
2025-01-01 | 12:10 - [32minfo[39m - [32mApplication running on 3000 port[39m
2025-01-01 | 12:10 - [32minfo[39m - [32mApplication running on 3000 port[39m
2025-01-01 | 12:10 - [32minfo[39m - [32mApplication running on 3000 port[39m
2025-01-01 | 12:10 - [32minfo[39m - [32mApplication running on 3000 port[39m
2025-01-01 | 12:10 - [32minfo[39m - [32mApplication running on 3000 port[39m
2025-01-01 | 12:10 - [32minfo[39m - [32mApplication running on 3000 port[39m
2025-01-01 | 12:11 - [32minfo[39m - [32mApplication running on 3000 port[39m
2025-01-01 | 12:11 - [32minfo[39m - [32mApplication running on 3000 port[39m
2025-01-01 | 12:11 - [32minfo[39m - [32mApplication running on 3000 port[39m
2025-01-01 | 12:11 - [32minfo[39m - [32mApplication running on 3000 port[39m
2025-01-01 | 12:11 - [32minfo[39m - [32mApplication running on 3000 port[39m
2025-01-01 | 12:11 - [32minfo[39m - [32mApplication running on 3000 port[39m
2025-01-01 | 12:12 - [32minfo[39m - [32mApplication running on 3000 port[39m
2025-01-01 | 12:12 - [32minfo[39m - [32mApplication running on 3000 port[39m
2025-01-01 | 12:12 - [32minfo[39m - [32mApplication running on 3000 port[39m
2025-01-01 | 12:13 - [32minfo[39m - [32mApplication running on 3000 port[39m
2025-01-01 | 12:14 - [32minfo[39m - [32mApplication running on 3000 port[39m
2025-01-01 | 12:14 - [32minfo[39m - [32mApplication running on 3000 port[39m
2025-01-01 | 12:17 - [32minfo[39m - [32mApplication running on 3000 port[39m
2025-01-01 | 12:18 - [32minfo[39m - [32mApplication running on 3000 port[39m
2025-01-01 | 12:18 - [32minfo[39m - [32mApplication running on 3000 port[39m
2025-01-01 | 12:18 - [32minfo[39m - [32mApplication running on 3000 port[39m
2025-01-01 | 12:18 - [32minfo[39m - [32mApplication running on 3000 port[39m
2025-01-01 | 12:18 - [32minfo[39m - [32mApplication running on 3000 port[39m
2025-01-01 | 12:22 - [32minfo[39m - [32mApplication running on 3000 port[39m
2025-01-01 | 12:23 - [32minfo[39m - [32mApplication running on 3000 port[39m
2025-01-01 | 12:23 - [32minfo[39m - [32mApplication running on 3000 port[39m
2025-01-01 | 12:23 - [32minfo[39m - [32mApplication running on 3000 port[39m
2025-01-01 | 12:23 - [32minfo[39m - [32mApplication running on 3000 port[39m
2025-01-01 | 12:23 - [32minfo[39m - [32mApplication running on 3000 port[39m
2025-01-01 | 12:23 - [32minfo[39m - [32mApplication running on 3000 port[39m
2025-01-01 | 12:24 - [32minfo[39m - [32mApplication running on 3000 port[39m
2025-01-01 | 12:24 - [32minfo[39m - [32mApplication running on 3000 port[39m
2025-01-01 | 12:24 - [32minfo[39m - [32mApplication running on 3000 port[39m
2025-01-01 | 12:24 - [32minfo[39m - [32mApplication running on 3000 port[39m
2025-01-01 | 12:38 - [32minfo[39m - [32mApplication running on 3000 port[39m
2025-01-01 | 12:38 - [32minfo[39m - [32mApplication running on 3000 port[39m
2025-01-01 | 12:38 - [32minfo[39m - [32mApplication running on 3000 port[39m
2025-01-01 | 12:39 - [32minfo[39m - [32mApplication running on 3000 port[39m
2025-01-01 | 12:40 - [32minfo[39m - [32mApplication running on 3000 port[39m
2025-01-01 | 12:40 - [32minfo[39m - [32mApplication running on 3000 port[39m
2025-01-01 | 12:45 - [32minfo[39m - [32mApplication running on 3000 port[39m
2025-01-01 | 12:45 - [32minfo[39m - [32mApplication running on 3000 port[39m
2025-01-01 | 12:46 - [32minfo[39m - [32mApplication running on 3000 port[39m
2025-01-01 | 12:46 - [32minfo[39m - [32mApplication running on 3000 port[39m
2025-01-01 | 12:47 - [32minfo[39m - [32mApplication running on 3000 port[39m
2025-01-01 | 12:47 - [32minfo[39m - [32mApplication running on 3000 port[39m
2025-01-01 | 12:47 - [32minfo[39m - [32mApplication running on 3000 port[39m
2025-01-01 | 12:47 - [32minfo[39m - [32mApplication running on 3000 port[39m
2025-01-01 | 12:48 - [32minfo[39m - [32mApplication running on 3000 port[39m
2025-01-01 | 12:48 - [32minfo[39m - [32mApplication running on 3000 port[39m
2025-01-01 | 12:48 - [32minfo[39m - [32mApplication running on 3000 port[39m
2025-01-01 | 12:50 - [32minfo[39m - [32mAplicação rodando na porta 3000[39m
2025-01-01 | 12:52 - [32minfo[39m - [32mApplication running on port 3000[39m
2025-01-01 | 12:52 - [32minfo[39m - [32mApplication running on port 3000[39m
2025-01-01 | 12:52 - [32minfo[39m - [32mApplication running on port 3000[39m
2025-01-01 | 13:24 - [32minfo[39m - [32mApplication running on port 3000[39m
2025-01-01 | 13:24 - [32minfo[39m - [32mApplication running on port 3000[39m
2025-01-01 | 13:25 - [32minfo[39m - [32mApplication running on port 3000[39m
2025-01-01 | 13:25 - [32minfo[39m - [32mApplication running on port 3000[39m
2025-01-01 | 13:25 - [32minfo[39m - [32mApplication running on 3000 port[39m
2025-01-01 | 13:25 - [32minfo[39m - [32mApplication running on 3000 port[39m
2025-01-01 | 13:26 - [32minfo[39m - [32mApplication running on 3000 port[39m
2025-01-08 | 09:15 - [32minfo[39m - [32mApplication running on 3000 port[39m
2025-01-08 | 09:21 - [32minfo[39m - [32mApplication running on 3000 port[39m
2025-01-08 | 09:21 - [32minfo[39m - [32mApplication running on 3000 port[39m
2025-01-08 | 09:23 - [32minfo[39m - [32mApplication running on 3000 port[39m
2025-01-08 | 09:45 - [32minfo[39m - [32mApplication running on 3000 port[39m
2025-01-08 | 09:46 - [32minfo[39m - [32mApplication running on 3000 port[39m
2025-01-08 | 09:47 - [32minfo[39m - [32mApplication running on 3000 port[39m
2025-01-08 | 09:48 - [32minfo[39m - [32mApplication running on 3000 port[39m
2025-01-08 | 11:08 - [32minfo[39m - [32mApplication running on 3000 port[39m
2025-01-09 | 17:06 - [32minfo[39m - [32mApplication running on 3000 port[39m
2025-01-09 | 17:08 - [32minfo[39m - [32mApplication running on 3000 port[39m
2025-01-11 | 08:29 - [32minfo[39m - [32mApplication running on 3000 port[39m
2025-01-12 | 10:24 - [32minfo[39m - [32mApplication running on 3000 port[39m
2025-01-12 | 11:10 - [32minfo[39m - [32mApplication running on 3000 port[39m
2025-01-12 | 11:10 - [32minfo[39m - [32mApplication running on 3000 port[39m
2025-01-12 | 11:10 - [32minfo[39m - [32mApplication running on 3000 port[39m
2025-01-12 | 11:10 - [32minfo[39m - [32mApplication running on 3000 port[39m
2025-01-12 | 11:11 - [32minfo[39m - [32mApplication running on 3000 port[39m
2025-01-12 | 11:11 - [32minfo[39m - [32mApplication running on 3000 port[39m
2025-01-12 | 11:11 - [32minfo[39m - [32mApplication running on 3000 port[39m
2025-01-12 | 11:11 - [32minfo[39m - [32mApplication running on 3000 port[39m
2025-01-12 | 11:11 - [32minfo[39m - [32mApplication running on 3000 port[39m
2025-01-12 | 11:13 - [32minfo[39m - [32mApplication running on 3000 port[39m
2025-01-12 | 11:13 - [32minfo[39m - [32mApplication running on 3000 port[39m
2025-01-12 | 11:13 - [32minfo[39m - [32mApplication running on 3000 port[39m
2025-01-12 | 11:14 - [32minfo[39m - [32mApplication running on 3000 port[39m
2025-01-12 | 11:14 - [32minfo[39m - [32mApplication running on 3000 port[39m
2025-01-12 | 11:15 - [32minfo[39m - [32mApplication running on 3000 port[39m
2025-01-12 | 11:15 - [32minfo[39m - [32mApplication running on 3000 port[39m
2025-01-12 | 11:15 - [32minfo[39m - [32mApplication running on 3000 port[39m
2025-01-12 | 11:15 - [32minfo[39m - [32mApplication running on 3000 port[39m
2025-01-12 | 11:15 - [32minfo[39m - [32mApplication running on 3000 port[39m
2025-01-12 | 11:27 - [32minfo[39m - [32mApplication running on 3000 port[39m
2025-01-12 | 12:01 - [32minfo[39m - [32mApplication running on 3000 port[39m
2025-01-12 | 12:02 - [32minfo[39m - [32mApplication running on 3000 port[39m
2025-01-12 | 12:03 - [32minfo[39m - [32mDeleted account with ID: 67715e4a4260fce452513345[39m
2025-01-12 | 12:03 - [31merror[39m - [31mError: Cannot set headers after they are sent to the client[39m
2025-01-12 | 12:22 - [32minfo[39m - [32mApplication running on 3000 port[39m
2025-01-12 | 12:32 - [32minfo[39m - [32mApplication running on 3000 port[39m
2025-01-12 | 12:32 - [32minfo[39m - [32mApplication running on 3000 port[39m
2025-01-12 | 12:47 - [32minfo[39m - [32mDeleted account with ID: 6783e3a4bc40c5a18bbca151[39m
2025-01-12 | 12:47 - [31merror[39m - [31mError: Cannot set headers after they are sent to the client[39m
2025-01-16 | 12:29 - [32minfo[39m - [32mApplication running on 3000 port[39m
2025-01-16 | 12:35 - [31merror[39m - [31mError: Cannot set headers after they are sent to the client[39m
2025-01-16 | 12:38 - [32minfo[39m - [32mApplication running on 3000 port[39m
2025-01-16 | 12:38 - [31merror[39m - [31mError: Cannot set headers after they are sent to the client[39m
2025-01-16 | 12:41 - [32minfo[39m - [32mApplication running on 3000 port[39m
2025-01-16 | 12:43 - [32minfo[39m - [32mApplication running on 3000 port[39m
2025-01-16 | 12:43 - [32minfo[39m - [32mApplication running on 3000 port[39m
2025-01-16 | 12:44 - [32minfo[39m - [32mApplication running on 3000 port[39m
2025-01-16 | 12:45 - [32minfo[39m - [32mApplication running on 3000 port[39m
2025-01-16 | 12:45 - [32minfo[39m - [32mApplication running on 3000 port[39m
2025-01-16 | 12:45 - [32minfo[39m - [32mApplication running on 3000 port[39m
2025-01-16 | 12:45 - [32minfo[39m - [32mApplication running on 3000 port[39m
2025-01-16 | 12:45 - [32minfo[39m - [32mApplication running on 3000 port[39m
2025-01-16 | 12:45 - [32minfo[39m - [32mApplication running on 3000 port[39m
2025-01-16 | 12:46 - [32minfo[39m - [32mApplication running on 3000 port[39m
2025-01-16 | 12:46 - [32minfo[39m - [32mApplication running on 3000 port[39m
2025-01-16 | 12:46 - [32minfo[39m - [32mDeleted account with ID: 678927423e8c68c425d72149[39m
2025-01-16 | 12:53 - [32minfo[39m - [32mApplication running on 3000 port[39m
2025-01-16 | 12:53 - [32minfo[39m - [32mDeleted account with ID: 67892b1f93d6a964bf366acf[39m
2025-01-16 | 12:53 - [32minfo[39m - [32mApplication running on 3000 port[39m
2025-01-16 | 12:53 - [32minfo[39m - [32mApplication running on 3000 port[39m
2025-01-16 | 12:53 - [32minfo[39m - [32mApplication running on 3000 port[39m
2025-01-16 | 12:53 - [32minfo[39m - [32mApplication running on 3000 port[39m
2025-01-16 | 12:54 - [32minfo[39m - [32mApplication running on 3000 port[39m
2025-01-16 | 12:54 - [32minfo[39m - [32mApplication running on 3000 port[39m
2025-01-16 | 13:15 - [32minfo[39m - [32mDeleted account with ID: 67892bbce080cab10da1b209[39m
2025-01-16 | 13:15 - [32minfo[39m - [32mApplication running on 3000 port[39m
2025-01-16 | 13:16 - [32minfo[39m - [32mApplication running on 3000 port[39m
2025-01-16 | 13:16 - [32minfo[39m - [32mApplication running on 3000 port[39m
2025-01-16 | 13:16 - [31merror[39m - [31mError: Cannot set headers after they are sent to the client[39m
2025-01-16 | 13:17 - [32minfo[39m - [32mApplication running on 3000 port[39m
