2024-12-29 | 11:19 - [31merror[39m - [31mError: Operation `users.find()` buffering timed out after 10000ms[39m
2024-12-29 | 11:20 - [31merror[39m - [31mError: Operation `users.find()` buffering timed out after 10000ms[39m
2024-12-29 | 11:21 - [31merror[39m - [31mError: Operation `users.find()` buffering timed out after 10000ms[39m
2024-12-29 | 11:25 - [31merror[39m - [31mError: Operation `users.insertOne()` buffering timed out after 10000ms[39m
2025-01-12 | 12:03 - [31merror[39m - [31mError: Cannot set headers after they are sent to the client[39m
2025-01-12 | 12:47 - [31merror[39m - [31mError: Cannot set headers after they are sent to the client[39m
2025-01-16 | 12:35 - [31merror[39m - [31mError: Cannot set headers after they are sent to the client[39m
2025-01-16 | 12:38 - [31merror[39m - [31mError: Cannot set headers after they are sent to the client[39m
2025-01-16 | 13:16 - [31merror[39m - [31mError: Cannot set headers after they are sent to the client[39m
2025-01-17 | 15:53 - [31merror[39m - [31mError: Operation `accounts.findOne()` buffering timed out after 10000ms[39m
2025-01-17 | 15:53 - [31merror[39m - [31mError: Operation `accounts.findOne()` buffering timed out after 10000ms[39m
2025-01-17 | 15:55 - [31merror[39m - [31mError: Operation `accounts.findOne()` buffering timed out after 10000ms[39m
2025-01-17 | 15:55 - [31merror[39m - [31mError: Operation `accounts.findOne()` buffering timed out after 10000ms[39m
2025-01-17 | 17:17 - [31merror[39m - [31mError: read ECONNRESET[39m
2025-01-20 | 10:39 - [31merror[39m - [31mError: Cannot set headers after they are sent to the client[39m
2025-01-20 | 10:40 - [31merror[39m - [31mError: Cannot set headers after they are sent to the client[39m
2025-01-20 | 10:40 - [31merror[39m - [31mError: Cannot set headers after they are sent to the client[39m
2025-01-20 | 10:41 - [31merror[39m - [31mError: Cannot set headers after they are sent to the client[39m
2025-01-20 | 10:41 - [31merror[39m - [31mError: Cannot set headers after they are sent to the client[39m
2025-01-20 | 10:42 - [31merror[39m - [31mError: Cannot set headers after they are sent to the client[39m
2025-01-20 | 10:43 - [31merror[39m - [31mError: Cannot set headers after they are sent to the client[39m
2025-01-20 | 10:43 - [31merror[39m - [31mError: Cannot set headers after they are sent to the client[39m
2025-01-25 | 18:11 - [31merror[39m - [31mError: Cannot set headers after they are sent to the client[39m
